Using pre-set license
Built from '2020.3/staging' branch; Version is '2020.3.3f1 (76626098c1c4) revision 7758432'; Using compiler version '192528614'; Build Type 'Release'
OS: 'Windows 10 Education; OS build 18363.1556; Version 1909; 64bit' Language: 'fi' Physical Memory: 16236 MB
BatchMode: 1, IsHumanControllingUs: 0, StartBugReporterOnCrash: 0, Is64bit: 1, IsPro: 0

 COMMAND LINE ARGUMENTS:
C:\Program Files\Unity\Hub\Editor\2020.3.3f1\Editor\Unity.exe
-adb2
-batchMode
-noUpm
-name
AssetImportWorker0
-projectPath
C:/Users/s0vaom00/Desktop/PeliProjekti/Puhelin-peli
-logFile
Logs/AssetImportWorker0.log
-srvPort
52430
Successfully changed project path to: C:/Users/s0vaom00/Desktop/PeliProjekti/Puhelin-peli
C:/Users/s0vaom00/Desktop/PeliProjekti/Puhelin-peli
Using Asset Import Pipeline V2.
Refreshing native plugins compatible for Editor in 66.65 ms, found 1 plugins.
Preloading 0 native plugins for Editor in 0.00 ms.
Initialize engine version: 2020.3.3f1 (76626098c1c4)
[Subsystems] Discovering subsystems at path C:/Program Files/Unity/Hub/Editor/2020.3.3f1/Editor/Data/Resources/UnitySubsystems
[Subsystems] Discovering subsystems at path C:/Users/s0vaom00/Desktop/PeliProjekti/Puhelin-peli/Assets
GfxDevice: creating device client; threaded=0
Direct3D:
    Version:  Direct3D 11.0 [level 11.1]
    Renderer: NVIDIA Quadro P620 (ID=0x1cb6)
    Vendor:   
    VRAM:     1977 MB
    Driver:   26.21.14.3064
Shader 'Universal Render Pipeline/Particles/Lit': fallback shader 'Universal Render Pipeline/Particles/SimpleLit' not found
Initialize mono
Mono path[0] = 'C:/Program Files/Unity/Hub/Editor/2020.3.3f1/Editor/Data/Managed'
Mono path[1] = 'C:/Program Files/Unity/Hub/Editor/2020.3.3f1/Editor/Data/MonoBleedingEdge/lib/mono/unityjit'
Mono config path = 'C:/Program Files/Unity/Hub/Editor/2020.3.3f1/Editor/Data/MonoBleedingEdge/etc'
Using monoOptions --debugger-agent=transport=dt_socket,embedding=1,server=y,suspend=n,address=127.0.0.1:56784
Begin MonoManager ReloadAssembly
Registering precompiled unity dll's ...
Register platform support module: C:/Program Files/Unity/Hub/Editor/2020.3.3f1/Editor/Data/PlaybackEngines/WindowsStandaloneSupport/UnityEditor.WindowsStandalone.Extensions.dll
Registered in 0.001641 seconds.
Native extension for WindowsStandalone target not found
Refreshing native plugins compatible for Editor in 57.59 ms, found 1 plugins.
Preloading 0 native plugins for Editor in 0.00 ms.
Invoked RoslynAnalysisRunner static constructor.
RoslynAnalysisRunner will not be running.
RoslynAnalysisRunner has terminated.
Mono: successfully reloaded assembly
- Completed reload, in  1.554 seconds
Platform modules already initialized, skipping
Registering precompiled user dll's ...
Registered in 0.001719 seconds.
Begin MonoManager ReloadAssembly
Native extension for WindowsStandalone target not found
Refreshing native plugins compatible for Editor in 63.39 ms, found 1 plugins.
Preloading 0 native plugins for Editor in 0.00 ms.
Invoked RoslynAnalysisRunner static constructor.
RoslynAnalysisRunner will not be running.
RoslynAnalysisRunner has terminated.
Mono: successfully reloaded assembly
- Completed reload, in  1.019 seconds
Platform modules already initialized, skipping
========================================================================
Worker process is ready to serve import requests
Shader 'Universal Render Pipeline/Particles/Lit': fallback shader 'Universal Render Pipeline/Particles/SimpleLit' not found
Launched and connected shader compiler UnityShaderCompiler.exe after 0.04 seconds
Refreshing native plugins compatible for Editor in 0.58 ms, found 1 plugins.
Preloading 0 native plugins for Editor in 0.00 ms.
Unloading 3205 Unused Serialized files (Serialized files now loaded: 0)
System memory in use before: 142.9 MB.
System memory in use after: 143.1 MB.

Unloading 21 unused Assets to reduce memory usage. Loaded Objects now: 3659.
Total: 3.295100 ms (FindLiveObjects: 0.686900 ms CreateObjectMapping: 0.510400 ms MarkObjects: 2.015000 ms  DeleteObjects: 0.080400 ms)

========================================================================
Received Import Request.
  path: Assets/BackGround/BG4V2.png
  artifactKey: Guid(edbf138647a53424fb29c86529a51a52) Importer(815301076,1909f56bfc062723c751e8b465ee728b)
Start importing Assets/BackGround/BG4V2.png using Guid(edbf138647a53424fb29c86529a51a52) Importer(815301076,1909f56bfc062723c751e8b465ee728b)  -> (artifact id: 'f54208bb5f2218d307f2193014b8e35d') in 0.107429 seconds
  Import took 0.116174 seconds .

========================================================================
Received Import Request.
  Time since last request: 0.000266 seconds.
  path: Assets/BackGround/BG2.png
  artifactKey: Guid(2bb6242c75725ef40ac3ffd8e30f964b) Importer(815301076,1909f56bfc062723c751e8b465ee728b)
Start importing Assets/BackGround/BG2.png using Guid(2bb6242c75725ef40ac3ffd8e30f964b) Importer(815301076,1909f56bfc062723c751e8b465ee728b)  -> (artifact id: 'b3960181f8ce692c5dec581411d7bf77') in 0.028730 seconds
  Import took 0.033268 seconds .

========================================================================
Received Import Request.
  Time since last request: 0.000243 seconds.
  path: Assets/BackGround/BG2V2.png
  artifactKey: Guid(6cc010ef9840c8a4e988555b55baa499) Importer(815301076,1909f56bfc062723c751e8b465ee728b)
Start importing Assets/BackGround/BG2V2.png using Guid(6cc010ef9840c8a4e988555b55baa499) Importer(815301076,1909f56bfc062723c751e8b465ee728b)  -> (artifact id: 'a4a3751eddea993d5bcd867c986c4b7d') in 0.038627 seconds
  Import took 0.044715 seconds .

========================================================================
Received Import Request.
  Time since last request: 0.000208 seconds.
  path: Assets/BackGround/BG5V2.png
  artifactKey: Guid(bac3e9bef5382774fabb27672f59c596) Importer(815301076,1909f56bfc062723c751e8b465ee728b)
Start importing Assets/BackGround/BG5V2.png using Guid(bac3e9bef5382774fabb27672f59c596) Importer(815301076,1909f56bfc062723c751e8b465ee728b)  -> (artifact id: '8e6eb330369c8ee88638fdbb5ff8bee4') in 0.050252 seconds
  Import took 0.055279 seconds .

========================================================================
Received Import Request.
  Time since last request: 0.000214 seconds.
  path: Assets/BackGround/BG6V2.png
  artifactKey: Guid(ac84859af557bdc4ba3843082451424c) Importer(815301076,1909f56bfc062723c751e8b465ee728b)
Start importing Assets/BackGround/BG6V2.png using Guid(ac84859af557bdc4ba3843082451424c) Importer(815301076,1909f56bfc062723c751e8b465ee728b)  -> (artifact id: '61523ef773bec5aa443c35c77cfb1dc7') in 0.028907 seconds
  Import took 0.033303 seconds .

========================================================================
Received Import Request.
  Time since last request: 0.000152 seconds.
  path: Assets/BackGround/BG6.png
  artifactKey: Guid(2862f68dbfbed39488476355196edcee) Importer(815301076,1909f56bfc062723c751e8b465ee728b)
Start importing Assets/BackGround/BG6.png using Guid(2862f68dbfbed39488476355196edcee) Importer(815301076,1909f56bfc062723c751e8b465ee728b)  -> (artifact id: '7c4d4884cecdb0042f0be6ad85f9e01e') in 0.027706 seconds
  Import took 0.032131 seconds .

========================================================================
Received Import Request.
  Time since last request: 0.000160 seconds.
  path: Assets/BackGround/BG1.png
  artifactKey: Guid(68f665c863275834ca285bab8832e87f) Importer(815301076,1909f56bfc062723c751e8b465ee728b)
Start importing Assets/BackGround/BG1.png using Guid(68f665c863275834ca285bab8832e87f) Importer(815301076,1909f56bfc062723c751e8b465ee728b)  -> (artifact id: '60d783311e10ea6e7896ea61644af50c') in 0.027276 seconds
  Import took 0.031754 seconds .

========================================================================
Received Import Request.
  Time since last request: 0.000147 seconds.
  path: Assets/TextMesh Pro/Sprites/EmojiOne.png
  artifactKey: Guid(dffef66376be4fa480fb02b19edbe903) Importer(815301076,1909f56bfc062723c751e8b465ee728b)
Start importing Assets/TextMesh Pro/Sprites/EmojiOne.png using Guid(dffef66376be4fa480fb02b19edbe903) Importer(815301076,1909f56bfc062723c751e8b465ee728b)  -> (artifact id: 'a88ee58c977f2318fa0c455c2b2af847') in 0.025038 seconds
  Import took 0.029475 seconds .

========================================================================
Received Import Request.
  Time since last request: 0.000145 seconds.
  path: Assets/BackGround/BG7V2.png
  artifactKey: Guid(c7c8abe4b4a3d8846ab6f71bab890e09) Importer(815301076,1909f56bfc062723c751e8b465ee728b)
Start importing Assets/BackGround/BG7V2.png using Guid(c7c8abe4b4a3d8846ab6f71bab890e09) Importer(815301076,1909f56bfc062723c751e8b465ee728b)  -> (artifact id: 'fa18ed321495bd676b87e060e731d825') in 0.028972 seconds
  Import took 0.033195 seconds .

========================================================================
Received Import Request.
  Time since last request: 0.000170 seconds.
  path: Assets/BackGround/BG7.png
  artifactKey: Guid(5b180f9880a711d458e0159e49a26a0c) Importer(815301076,1909f56bfc062723c751e8b465ee728b)
Start importing Assets/BackGround/BG7.png using Guid(5b180f9880a711d458e0159e49a26a0c) Importer(815301076,1909f56bfc062723c751e8b465ee728b)  -> (artifact id: '1dfe6ac6dc6960cffc1fe8605d774eb8') in 0.027505 seconds
  Import took 0.031879 seconds .

========================================================================
Received Import Request.
  Time since last request: 0.000149 seconds.
  path: Assets/BackGround/BG3.png
  artifactKey: Guid(7b9c2cad16d9df84382717d5d5203021) Importer(815301076,1909f56bfc062723c751e8b465ee728b)
Start importing Assets/BackGround/BG3.png using Guid(7b9c2cad16d9df84382717d5d5203021) Importer(815301076,1909f56bfc062723c751e8b465ee728b)  -> (artifact id: 'e3b064455d0dce1d309c0e5ec26d7947') in 0.026533 seconds
  Import took 0.031065 seconds .

========================================================================
Received Import Request.
  Time since last request: 0.000153 seconds.
  path: Assets/BackGround/BG3V2.png
  artifactKey: Guid(06a1a6d9b349c794d9149a18274f03f2) Importer(815301076,1909f56bfc062723c751e8b465ee728b)
Start importing Assets/BackGround/BG3V2.png using Guid(06a1a6d9b349c794d9149a18274f03f2) Importer(815301076,1909f56bfc062723c751e8b465ee728b)  -> (artifact id: 'd7d9ade06ebb2ae7959ced5a7390562b') in 0.030407 seconds
  Import took 0.034763 seconds .

========================================================================
Received Import Request.
  Time since last request: 0.000145 seconds.
  path: Assets/BackGround/BG4.png
  artifactKey: Guid(85b56b0f6932d34488a23869fc766554) Importer(815301076,1909f56bfc062723c751e8b465ee728b)
Start importing Assets/BackGround/BG4.png using Guid(85b56b0f6932d34488a23869fc766554) Importer(815301076,1909f56bfc062723c751e8b465ee728b)  -> (artifact id: 'c1575fe73b23bcb0ba710a6f569ccd9f') in 0.026847 seconds
  Import took 0.031054 seconds .

========================================================================
Received Import Request.
  Time since last request: 0.000201 seconds.
  path: Assets/BackGround/BG5.png
  artifactKey: Guid(5c77508ed92ae7d4dae9175377c2e598) Importer(815301076,1909f56bfc062723c751e8b465ee728b)
Start importing Assets/BackGround/BG5.png using Guid(5c77508ed92ae7d4dae9175377c2e598) Importer(815301076,1909f56bfc062723c751e8b465ee728b)  -> (artifact id: '731baa9b4d0d1b15eaf6b15ed500690c') in 0.026635 seconds
  Import took 0.030957 seconds .

========================================================================
Received Import Request.
  Time since last request: 0.942206 seconds.
  path: Assets/TextMesh Pro/Resources/Fonts & Materials/LiberationSans SDF.asset
  artifactKey: Guid(8f586378b4e144a9851e7b34d9b748ee) Importer(815301076,1909f56bfc062723c751e8b465ee728b)
Start importing Assets/TextMesh Pro/Resources/Fonts & Materials/LiberationSans SDF.asset using Guid(8f586378b4e144a9851e7b34d9b748ee) Importer(815301076,1909f56bfc062723c751e8b465ee728b)  -> (artifact id: 'f97e54bf24592602f3573ca0a8a48715') in 0.092166 seconds
  Import took 0.097185 seconds .

========================================================================
Received Import Request.
  Time since last request: 0.000249 seconds.
  path: Assets/TextMesh Pro/Resources/Fonts & Materials/LiberationSans SDF - Fallback.asset
  artifactKey: Guid(2e498d1c8094910479dc3e1b768306a4) Importer(815301076,1909f56bfc062723c751e8b465ee728b)
Start importing Assets/TextMesh Pro/Resources/Fonts & Materials/LiberationSans SDF - Fallback.asset using Guid(2e498d1c8094910479dc3e1b768306a4) Importer(815301076,1909f56bfc062723c751e8b465ee728b)  -> (artifact id: 'abc1e97eedacdd3eb42767868b4f4cf6') in 0.030120 seconds
  Import took 0.035025 seconds .

========================================================================
Received Import Request.
  Time since last request: 1.699451 seconds.
  path: Assets/Scenes/Jesse/ReflectionProbe-0.exr
  artifactKey: Guid(cdf7102db7213c543b7f098f04c9eb4f) Importer(815301076,1909f56bfc062723c751e8b465ee728b)
Start importing Assets/Scenes/Jesse/ReflectionProbe-0.exr using Guid(cdf7102db7213c543b7f098f04c9eb4f) Importer(815301076,1909f56bfc062723c751e8b465ee728b)  -> (artifact id: 'ea473d9d86b836f40046acac84c3bc5c') in 0.034728 seconds
  Import took 0.039444 seconds .

========================================================================
Received Prepare
Shader 'Universal Render Pipeline/Particles/Lit': fallback shader 'Universal Render Pipeline/Particles/SimpleLit' not found
Refreshing native plugins compatible for Editor in 2.04 ms, found 1 plugins.
Preloading 0 native plugins for Editor in 0.00 ms.
Unloading 7 Unused Serialized files (Serialized files now loaded: 0)
System memory in use before: 75.9 MB.
System memory in use after: 76.1 MB.

Unloading 6 unused Assets to reduce memory usage. Loaded Objects now: 3709.
Total: 3.064900 ms (FindLiveObjects: 0.556600 ms CreateObjectMapping: 0.231900 ms MarkObjects: 2.253600 ms  DeleteObjects: 0.021300 ms)

========================================================================
Received Prepare
Registering precompiled user dll's ...
Registered in 0.002057 seconds.
Begin MonoManager ReloadAssembly
Native extension for WindowsStandalone target not found
Refreshing native plugins compatible for Editor in 0.52 ms, found 1 plugins.
Preloading 0 native plugins for Editor in 0.00 ms.
Invoked RoslynAnalysisRunner static constructor.
RoslynAnalysisRunner will not be running.
RoslynAnalysisRunner has terminated.
Mono: successfully reloaded assembly
- Completed reload, in  0.916 seconds
Platform modules already initialized, skipping
Switching build target platform(5) subTarget(0) extendedPlatform(0) -> platform(13) subTarget(537395200) extendedPlatform(0)
Shader 'Universal Render Pipeline/Particles/Lit': fallback shader 'Universal Render Pipeline/Particles/SimpleLit' not found
Refreshing native plugins compatible for Editor in 0.68 ms, found 1 plugins.
Preloading 0 native plugins for Editor in 0.00 ms.
Unloading 3102 Unused Serialized files (Serialized files now loaded: 0)
System memory in use before: 136.1 MB.
System memory in use after: 136.4 MB.

Unloading 10 unused Assets to reduce memory usage. Loaded Objects now: 3712.
Total: 2.509200 ms (FindLiveObjects: 0.331300 ms CreateObjectMapping: 0.132000 ms MarkObjects: 2.030600 ms  DeleteObjects: 0.014600 ms)

AssetImportParameters requested are different than current active one (requested -> active):
  custom:graphics/normal-map-encoding: 01000000000000000000000000000000 -> 02000000000000000000000000000000
========================================================================
Received Prepare
Registering precompiled user dll's ...
Registered in 0.001562 seconds.
Begin MonoManager ReloadAssembly
Native extension for WindowsStandalone target not found
Refreshing native plugins compatible for Editor in 0.56 ms, found 1 plugins.
Preloading 0 native plugins for Editor in 0.00 ms.
Invoked RoslynAnalysisRunner static constructor.
RoslynAnalysisRunner will not be running.
RoslynAnalysisRunner has terminated.
Mono: successfully reloaded assembly
- Completed reload, in  0.958 seconds
Platform modules already initialized, skipping
Switching build target platform(5) subTarget(0) extendedPlatform(0) -> platform(13) subTarget(537395200) extendedPlatform(0)
Shader 'Universal Render Pipeline/Particles/Lit': fallback shader 'Universal Render Pipeline/Particles/SimpleLit' not found
Refreshing native plugins compatible for Editor in 0.56 ms, found 1 plugins.
Preloading 0 native plugins for Editor in 0.00 ms.
Unloading 3102 Unused Serialized files (Serialized files now loaded: 0)
System memory in use before: 136.2 MB.
System memory in use after: 136.4 MB.

Unloading 10 unused Assets to reduce memory usage. Loaded Objects now: 3715.
Total: 2.422800 ms (FindLiveObjects: 0.347000 ms CreateObjectMapping: 0.202100 ms MarkObjects: 1.853100 ms  DeleteObjects: 0.019200 ms)

AssetImportParameters requested are different than current active one (requested -> active):
  custom:graphics/normal-map-encoding: 01000000000000000000000000000000 -> 02000000000000000000000000000000
========================================================================
Received Prepare
Registering precompiled user dll's ...
Registered in 0.001525 seconds.
Begin MonoManager ReloadAssembly
Native extension for WindowsStandalone target not found
Refreshing native plugins compatible for Editor in 0.60 ms, found 1 plugins.
Preloading 0 native plugins for Editor in 0.00 ms.
Invoked RoslynAnalysisRunner static constructor.
RoslynAnalysisRunner will not be running.
RoslynAnalysisRunner has terminated.
Mono: successfully reloaded assembly
- Completed reload, in  0.976 seconds
Platform modules already initialized, skipping
Switching build target platform(5) subTarget(0) extendedPlatform(0) -> platform(13) subTarget(537395200) extendedPlatform(0)
Shader 'Universal Render Pipeline/Particles/Lit': fallback shader 'Universal Render Pipeline/Particles/SimpleLit' not found
Refreshing native plugins compatible for Editor in 0.61 ms, found 1 plugins.
Preloading 0 native plugins for Editor in 0.00 ms.
Unloading 3102 Unused Serialized files (Serialized files now loaded: 0)
System memory in use before: 136.2 MB.
System memory in use after: 136.4 MB.

Unloading 10 unused Assets to reduce memory usage. Loaded Objects now: 3718.
Total: 2.440200 ms (FindLiveObjects: 0.358100 ms CreateObjectMapping: 0.161500 ms MarkObjects: 1.902600 ms  DeleteObjects: 0.017000 ms)

AssetImportParameters requested are different than current active one (requested -> active):
  custom:graphics/normal-map-encoding: 01000000000000000000000000000000 -> 02000000000000000000000000000000
========================================================================
Received Prepare
Registering precompiled user dll's ...
Registered in 0.001570 seconds.
Begin MonoManager ReloadAssembly
Native extension for WindowsStandalone target not found
Refreshing native plugins compatible for Editor in 1.23 ms, found 1 plugins.
Preloading 0 native plugins for Editor in 0.00 ms.
Invoked RoslynAnalysisRunner static constructor.
RoslynAnalysisRunner will not be running.
RoslynAnalysisRunner has terminated.
Mono: successfully reloaded assembly
- Completed reload, in  1.104 seconds
Platform modules already initialized, skipping
Switching build target platform(5) subTarget(0) extendedPlatform(0) -> platform(13) subTarget(537395200) extendedPlatform(0)
Shader 'Universal Render Pipeline/Particles/Lit': fallback shader 'Universal Render Pipeline/Particles/SimpleLit' not found
Refreshing native plugins compatible for Editor in 0.56 ms, found 1 plugins.
Preloading 0 native plugins for Editor in 0.00 ms.
Unloading 3102 Unused Serialized files (Serialized files now loaded: 0)
System memory in use before: 136.2 MB.
System memory in use after: 136.5 MB.

Unloading 10 unused Assets to reduce memory usage. Loaded Objects now: 3721.
Total: 4.126900 ms (FindLiveObjects: 1.533100 ms CreateObjectMapping: 0.325100 ms MarkObjects: 2.246500 ms  DeleteObjects: 0.020400 ms)

AssetImportParameters requested are different than current active one (requested -> active):
  custom:graphics/normal-map-encoding: 01000000000000000000000000000000 -> 02000000000000000000000000000000
========================================================================
Received Prepare
Registering precompiled user dll's ...
Registered in 0.001547 seconds.
Begin MonoManager ReloadAssembly
Native extension for WindowsStandalone target not found
Refreshing native plugins compatible for Editor in 0.53 ms, found 1 plugins.
Preloading 0 native plugins for Editor in 0.00 ms.
Invoked RoslynAnalysisRunner static constructor.
RoslynAnalysisRunner will not be running.
RoslynAnalysisRunner has terminated.
Mono: successfully reloaded assembly
- Completed reload, in  1.112 seconds
Platform modules already initialized, skipping
Switching build target platform(5) subTarget(0) extendedPlatform(0) -> platform(13) subTarget(537395200) extendedPlatform(0)
Shader 'Universal Render Pipeline/Particles/Lit': fallback shader 'Universal Render Pipeline/Particles/SimpleLit' not found
Refreshing native plugins compatible for Editor in 0.67 ms, found 1 plugins.
Preloading 0 native plugins for Editor in 0.00 ms.
Unloading 3102 Unused Serialized files (Serialized files now loaded: 0)
System memory in use before: 136.2 MB.
System memory in use after: 136.5 MB.

Unloading 10 unused Assets to reduce memory usage. Loaded Objects now: 3724.
Total: 2.126800 ms (FindLiveObjects: 0.317500 ms CreateObjectMapping: 0.166800 ms MarkObjects: 1.626200 ms  DeleteObjects: 0.015400 ms)

AssetImportParameters requested are different than current active one (requested -> active):
  custom:graphics/normal-map-encoding: 01000000000000000000000000000000 -> 02000000000000000000000000000000
========================================================================
Received Prepare
Registering precompiled user dll's ...
Registered in 0.001891 seconds.
Begin MonoManager ReloadAssembly
Native extension for WindowsStandalone target not found
Refreshing native plugins compatible for Editor in 0.53 ms, found 1 plugins.
Preloading 0 native plugins for Editor in 0.00 ms.
Invoked RoslynAnalysisRunner static constructor.
RoslynAnalysisRunner will not be running.
RoslynAnalysisRunner has terminated.
Mono: successfully reloaded assembly
- Completed reload, in  0.892 seconds
Platform modules already initialized, skipping
Switching build target platform(5) subTarget(0) extendedPlatform(0) -> platform(13) subTarget(537395200) extendedPlatform(0)
Shader 'Universal Render Pipeline/Particles/Lit': fallback shader 'Universal Render Pipeline/Particles/SimpleLit' not found
Refreshing native plugins compatible for Editor in 0.56 ms, found 1 plugins.
Preloading 0 native plugins for Editor in 0.00 ms.
Unloading 3102 Unused Serialized files (Serialized files now loaded: 0)
System memory in use before: 136.3 MB.
System memory in use after: 136.5 MB.

Unloading 10 unused Assets to reduce memory usage. Loaded Objects now: 3727.
Total: 4.479800 ms (FindLiveObjects: 0.372500 ms CreateObjectMapping: 0.180100 ms MarkObjects: 3.881900 ms  DeleteObjects: 0.044000 ms)

AssetImportParameters requested are different than current active one (requested -> active):
  custom:graphics/normal-map-encoding: 01000000000000000000000000000000 -> 02000000000000000000000000000000
========================================================================
Received Prepare
Registering precompiled user dll's ...
Registered in 0.001606 seconds.
Begin MonoManager ReloadAssembly
Native extension for WindowsStandalone target not found
Refreshing native plugins compatible for Editor in 0.61 ms, found 1 plugins.
Preloading 0 native plugins for Editor in 0.00 ms.
Invoked RoslynAnalysisRunner static constructor.
RoslynAnalysisRunner will not be running.
RoslynAnalysisRunner has terminated.
Mono: successfully reloaded assembly
- Completed reload, in  1.122 seconds
Platform modules already initialized, skipping
Switching build target platform(5) subTarget(0) extendedPlatform(0) -> platform(13) subTarget(537395200) extendedPlatform(0)
Shader 'Universal Render Pipeline/Particles/Lit': fallback shader 'Universal Render Pipeline/Particles/SimpleLit' not found
Refreshing native plugins compatible for Editor in 0.60 ms, found 1 plugins.
Preloading 0 native plugins for Editor in 0.00 ms.
Unloading 3102 Unused Serialized files (Serialized files now loaded: 0)
System memory in use before: 136.3 MB.
System memory in use after: 136.5 MB.

Unloading 10 unused Assets to reduce memory usage. Loaded Objects now: 3730.
Total: 2.462700 ms (FindLiveObjects: 0.348600 ms CreateObjectMapping: 0.171400 ms MarkObjects: 1.917700 ms  DeleteObjects: 0.022900 ms)

AssetImportParameters requested are different than current active one (requested -> active):
  custom:graphics/normal-map-encoding: 01000000000000000000000000000000 -> 02000000000000000000000000000000
========================================================================
Received Prepare
Registering precompiled user dll's ...
Registered in 0.001590 seconds.
Begin MonoManager ReloadAssembly
Native extension for WindowsStandalone target not found
Refreshing native plugins compatible for Editor in 0.62 ms, found 1 plugins.
Preloading 0 native plugins for Editor in 0.00 ms.
Invoked RoslynAnalysisRunner static constructor.
RoslynAnalysisRunner will not be running.
RoslynAnalysisRunner has terminated.
Mono: successfully reloaded assembly
- Completed reload, in  1.031 seconds
Platform modules already initialized, skipping
Switching build target platform(5) subTarget(0) extendedPlatform(0) -> platform(13) subTarget(537395200) extendedPlatform(0)
Shader 'Universal Render Pipeline/Particles/Lit': fallback shader 'Universal Render Pipeline/Particles/SimpleLit' not found
Refreshing native plugins compatible for Editor in 0.54 ms, found 1 plugins.
Preloading 0 native plugins for Editor in 0.00 ms.
Unloading 3102 Unused Serialized files (Serialized files now loaded: 0)
System memory in use before: 136.3 MB.
System memory in use after: 136.5 MB.

Unloading 10 unused Assets to reduce memory usage. Loaded Objects now: 3733.
Total: 2.337000 ms (FindLiveObjects: 0.314500 ms CreateObjectMapping: 0.156800 ms MarkObjects: 1.833800 ms  DeleteObjects: 0.030900 ms)

AssetImportParameters requested are different than current active one (requested -> active):
  custom:graphics/normal-map-encoding: 01000000000000000000000000000000 -> 02000000000000000000000000000000
========================================================================
Received Prepare
Registering precompiled user dll's ...
Registered in 0.001548 seconds.
Begin MonoManager ReloadAssembly
Native extension for WindowsStandalone target not found
Refreshing native plugins compatible for Editor in 0.58 ms, found 1 plugins.
Preloading 0 native plugins for Editor in 0.00 ms.
Invoked RoslynAnalysisRunner static constructor.
RoslynAnalysisRunner will not be running.
RoslynAnalysisRunner has terminated.
Mono: successfully reloaded assembly
- Completed reload, in  0.987 seconds
Platform modules already initialized, skipping
Switching build target platform(5) subTarget(0) extendedPlatform(0) -> platform(13) subTarget(537395200) extendedPlatform(0)
Shader 'Universal Render Pipeline/Particles/Lit': fallback shader 'Universal Render Pipeline/Particles/SimpleLit' not found
Refreshing native plugins compatible for Editor in 0.60 ms, found 1 plugins.
Preloading 0 native plugins for Editor in 0.00 ms.
Unloading 3102 Unused Serialized files (Serialized files now loaded: 0)
System memory in use before: 136.3 MB.
System memory in use after: 136.5 MB.

Unloading 10 unused Assets to reduce memory usage. Loaded Objects now: 3736.
Total: 2.364000 ms (FindLiveObjects: 0.463900 ms CreateObjectMapping: 0.216800 ms MarkObjects: 1.663100 ms  DeleteObjects: 0.019200 ms)

AssetImportParameters requested are different than current active one (requested -> active):
  custom:graphics/normal-map-encoding: 01000000000000000000000000000000 -> 02000000000000000000000000000000
========================================================================
Received Prepare
Registering precompiled user dll's ...
Registered in 0.001761 seconds.
Begin MonoManager ReloadAssembly
Native extension for WindowsStandalone target not found
Refreshing native plugins compatible for Editor in 0.66 ms, found 1 plugins.
Preloading 0 native plugins for Editor in 0.00 ms.
Invoked RoslynAnalysisRunner static constructor.
RoslynAnalysisRunner will not be running.
RoslynAnalysisRunner has terminated.
Mono: successfully reloaded assembly
- Completed reload, in  1.228 seconds
Platform modules already initialized, skipping
Switching build target platform(5) subTarget(0) extendedPlatform(0) -> platform(13) subTarget(537395200) extendedPlatform(0)
Shader 'Universal Render Pipeline/Particles/Lit': fallback shader 'Universal Render Pipeline/Particles/SimpleLit' not found
Refreshing native plugins compatible for Editor in 0.91 ms, found 1 plugins.
Preloading 0 native plugins for Editor in 0.00 ms.
Unloading 3102 Unused Serialized files (Serialized files now loaded: 0)
System memory in use before: 136.3 MB.
System memory in use after: 136.5 MB.

Unloading 10 unused Assets to reduce memory usage. Loaded Objects now: 3739.
Total: 3.405400 ms (FindLiveObjects: 0.328100 ms CreateObjectMapping: 0.169200 ms MarkObjects: 2.889700 ms  DeleteObjects: 0.017200 ms)

AssetImportParameters requested are different than current active one (requested -> active):
  custom:graphics/normal-map-encoding: 01000000000000000000000000000000 -> 02000000000000000000000000000000
AssetImportWorkerClient::OnTransportError - code=2 error=End of file
