Base path: 'C:/Program Files/Unity/Hub/Editor/2020.3.3f1/Editor/Data', plugins path 'C:/Program Files/Unity/Hub/Editor/2020.3.3f1/Editor/Data/PlaybackEngines'
Cmd: initializeCompiler

Cmd: compileComputeKernel
  insize=3168 path=C:/Users/s0pyjo01/Desktop/Puhelin-peli/Library/PackageCache/com.unity.postprocessing@2.3.0/PostProcessing/Shaders/Builtins/ExposureHistogram.compute kernel=KEyeHistogramClear cachingPP=1 ppOnly=0 stripLineD=0 buildPlatform=13 km=<UNITY_VERSION=202033> pKW=UNITY_NO_DXT5nm UNITY_NO_RGBM UNITY_ENABLE_REFLECTION_BUFFERS UNITY_NO_CUBEMAP_ARRAY UNITY_NO_SCREENSPACE_SHADOWS UNITY_PBS_USE_BRDF2 SHADER_API_MOBILE UNITY_COLORSPACE_GAMMA UNITY_LIGHTMAP_DLDR_ENCODING uKW=SHADER_STAGE_COMPUTE platform=vulkan flags=268439552 ok=1 outsize=1587

Cmd: compileComputeKernel
  insize=5024 path=C:/Users/s0pyjo01/Desktop/Puhelin-peli/Library/PackageCache/com.unity.postprocessing@2.3.0/PostProcessing/Shaders/Builtins/Lut3DBaker.compute kernel=KGenLut3D_CustomTonemap cachingPP=1 ppOnly=0 stripLineD=0 buildPlatform=13 km=<TONEMAPPING_CUSTOM=1>,<UNITY_VERSION=202033> pKW=UNITY_NO_DXT5nm UNITY_ENABLE_REFLECTION_BUFFERS UNITY_NO_CUBEMAP_ARRAY UNITY_NO_SCREENSPACE_SHADOWS UNITY_PBS_USE_BRDF2 UNITY_COLORSPACE_GAMMA UNITY_LIGHTMAP_DLDR_ENCODING uKW=SHADER_STAGE_COMPUTE platform=d3d11 flags=0 ok=1 outsize=5412

Cmd: compileComputeKernel
  insize=5024 path=C:/Users/s0pyjo01/Desktop/Puhelin-peli/Library/PackageCache/com.unity.postprocessing@2.3.0/PostProcessing/Shaders/Builtins/Lut3DBaker.compute kernel=KGenLut3D_AcesTonemap cachingPP=1 ppOnly=0 stripLineD=0 buildPlatform=13 km=<TONEMAPPING_ACES=1>,<UNITY_VERSION=202033> pKW=UNITY_NO_DXT5nm UNITY_ENABLE_REFLECTION_BUFFERS UNITY_NO_CUBEMAP_ARRAY UNITY_NO_SCREENSPACE_SHADOWS UNITY_PBS_USE_BRDF2 UNITY_COLORSPACE_GAMMA UNITY_LIGHTMAP_DLDR_ENCODING uKW=SHADER_STAGE_COMPUTE platform=d3d11 flags=0 ok=1 outsize=9170

Cmd: compileComputeKernel
  insize=5024 path=C:/Users/s0pyjo01/Desktop/Puhelin-peli/Library/PackageCache/com.unity.postprocessing@2.3.0/PostProcessing/Shaders/Builtins/Lut3DBaker.compute kernel=KGenLut3D_AcesTonemap cachingPP=1 ppOnly=0 stripLineD=0 buildPlatform=13 km=<TONEMAPPING_ACES=1>,<UNITY_VERSION=202033> pKW=UNITY_NO_DXT5nm UNITY_NO_RGBM UNITY_ENABLE_REFLECTION_BUFFERS UNITY_FRAMEBUFFER_FETCH_AVAILABLE UNITY_NO_CUBEMAP_ARRAY UNITY_NO_SCREENSPACE_SHADOWS UNITY_PBS_USE_BRDF2 SHADER_API_MOBILE UNITY_COLORSPACE_GAMMA UNITY_LIGHTMAP_DLDR_ENCODING SHADER_API_GLES30 uKW=SHADER_STAGE_COMPUTE platform=gles3 flags=268439552 ok=1 outsize=17233

Cmd: compileComputeKernel
  insize=5024 path=C:/Users/s0pyjo01/Desktop/Puhelin-peli/Library/PackageCache/com.unity.postprocessing@2.3.0/PostProcessing/Shaders/Builtins/Lut3DBaker.compute kernel=KGenLut3D_AcesTonemap cachingPP=1 ppOnly=0 stripLineD=0 buildPlatform=13 km=<TONEMAPPING_ACES=1>,<UNITY_VERSION=202033> pKW=UNITY_NO_DXT5nm UNITY_NO_RGBM UNITY_ENABLE_REFLECTION_BUFFERS UNITY_NO_CUBEMAP_ARRAY UNITY_NO_SCREENSPACE_SHADOWS UNITY_PBS_USE_BRDF2 SHADER_API_MOBILE UNITY_COLORSPACE_GAMMA UNITY_LIGHTMAP_DLDR_ENCODING uKW=SHADER_STAGE_COMPUTE platform=vulkan flags=268439552 ok=1 outsize=38282

Cmd: compileComputeKernel
  insize=11166 path=C:/Users/s0pyjo01/Desktop/Puhelin-peli/Library/PackageCache/com.unity.postprocessing@2.3.0/PostProcessing/Shaders/Builtins/MultiScaleVORender.compute kernel=MultiScaleVORender_MSAA cachingPP=1 ppOnly=0 stripLineD=0 buildPlatform=13 km=<MAIN=MultiScaleVORender_MSAA>,<MSAA=1>,<UNITY_VERSION=202033> pKW=UNITY_NO_DXT5nm UNITY_ENABLE_REFLECTION_BUFFERS UNITY_NO_CUBEMAP_ARRAY UNITY_NO_SCREENSPACE_SHADOWS UNITY_PBS_USE_BRDF2 UNITY_COLORSPACE_GAMMA UNITY_LIGHTMAP_DLDR_ENCODING uKW=SHADER_STAGE_COMPUTE platform=d3d11 flags=0 ok=1 outsize=10429

Cmd: compileComputeKernel
  insize=11166 path=C:/Users/s0pyjo01/Desktop/Puhelin-peli/Library/PackageCache/com.unity.postprocessing@2.3.0/PostProcessing/Shaders/Builtins/MultiScaleVORender.compute kernel=MultiScaleVORender_MSAA cachingPP=1 ppOnly=0 stripLineD=0 buildPlatform=13 km=<MAIN=MultiScaleVORender_MSAA>,<MSAA=1>,<UNITY_VERSION=202033> pKW=UNITY_NO_DXT5nm UNITY_NO_RGBM UNITY_ENABLE_REFLECTION_BUFFERS UNITY_NO_CUBEMAP_ARRAY UNITY_NO_SCREENSPACE_SHADOWS UNITY_PBS_USE_BRDF2 SHADER_API_MOBILE UNITY_COLORSPACE_GAMMA UNITY_LIGHTMAP_DLDR_ENCODING uKW=SHADER_STAGE_COMPUTE platform=vulkan flags=268439552 ok=1 outsize=48313

Cmd: compileComputeKernel
  insize=1499 path=C:/Users/s0pyjo01/Desktop/Puhelin-peli/Library/PackageCache/com.unity.postprocessing@2.3.0/PostProcessing/Shaders/Debug/Vectorscope.compute kernel=KVectorscopeGather cachingPP=1 ppOnly=0 stripLineD=0 buildPlatform=13 km=<UNITY_VERSION=202033> pKW=UNITY_NO_DXT5nm UNITY_ENABLE_REFLECTION_BUFFERS UNITY_NO_CUBEMAP_ARRAY UNITY_NO_SCREENSPACE_SHADOWS UNITY_PBS_USE_BRDF2 UNITY_COLORSPACE_GAMMA UNITY_LIGHTMAP_DLDR_ENCODING uKW=SHADER_STAGE_COMPUTE platform=d3d11 flags=0 ok=1 outsize=1455

Cmd: compileComputeKernel
  insize=2114 path=C:/Users/s0pyjo01/Desktop/Puhelin-peli/Library/PackageCache/com.unity.postprocessing@2.3.0/PostProcessing/Shaders/Builtins/MultiScaleVODownsample2.compute kernel=MultiScaleVODownsample2 cachingPP=1 ppOnly=0 stripLineD=0 buildPlatform=13 km=<main=MultiScaleVODownsample2>,<UNITY_VERSION=202033> pKW=UNITY_NO_DXT5nm UNITY_ENABLE_REFLECTION_BUFFERS UNITY_NO_CUBEMAP_ARRAY UNITY_NO_SCREENSPACE_SHADOWS UNITY_PBS_USE_BRDF2 UNITY_COLORSPACE_GAMMA UNITY_LIGHTMAP_DLDR_ENCODING uKW=SHADER_STAGE_COMPUTE platform=d3d11 flags=0 ok=1 outsize=1000

Cmd: compileComputeKernel
  insize=1220 path=C:/Users/s0pyjo01/Desktop/Puhelin-peli/Library/PackageCache/com.unity.postprocessing@2.3.0/PostProcessing/Shaders/Builtins/Texture3DLerp.compute kernel=KTexture3DLerpToColor cachingPP=1 ppOnly=0 stripLineD=0 buildPlatform=13 km=<UNITY_VERSION=202033> pKW=UNITY_NO_DXT5nm UNITY_ENABLE_REFLECTION_BUFFERS UNITY_NO_CUBEMAP_ARRAY UNITY_NO_SCREENSPACE_SHADOWS UNITY_PBS_USE_BRDF2 UNITY_COLORSPACE_GAMMA UNITY_LIGHTMAP_DLDR_ENCODING uKW=SHADER_STAGE_COMPUTE platform=d3d11 flags=0 ok=1 outsize=772

Cmd: compileComputeKernel
  insize=1220 path=C:/Users/s0pyjo01/Desktop/Puhelin-peli/Library/PackageCache/com.unity.postprocessing@2.3.0/PostProcessing/Shaders/Builtins/Texture3DLerp.compute kernel=KTexture3DLerpToColor cachingPP=1 ppOnly=0 stripLineD=0 buildPlatform=13 km=<UNITY_VERSION=202033> pKW=UNITY_NO_DXT5nm UNITY_NO_RGBM UNITY_ENABLE_REFLECTION_BUFFERS UNITY_NO_CUBEMAP_ARRAY UNITY_NO_SCREENSPACE_SHADOWS UNITY_PBS_USE_BRDF2 SHADER_API_MOBILE UNITY_COLORSPACE_GAMMA UNITY_LIGHTMAP_DLDR_ENCODING uKW=SHADER_STAGE_COMPUTE platform=vulkan flags=268439552 ok=1 outsize=3328

Cmd: compileComputeKernel
  insize=2128 path=C:/Users/s0pyjo01/Desktop/Puhelin-peli/Library/PackageCache/com.unity.postprocessing@2.3.0/PostProcessing/Shaders/Debug/Histogram.compute kernel=KHistogramClear cachingPP=1 ppOnly=0 stripLineD=0 buildPlatform=13 km=<UNITY_VERSION=202033> pKW=UNITY_NO_DXT5nm UNITY_ENABLE_REFLECTION_BUFFERS UNITY_NO_CUBEMAP_ARRAY UNITY_NO_SCREENSPACE_SHADOWS UNITY_PBS_USE_BRDF2 UNITY_COLORSPACE_GAMMA UNITY_LIGHTMAP_DLDR_ENCODING uKW=SHADER_STAGE_COMPUTE platform=d3d11 flags=0 ok=1 outsize=372

Cmd: compileComputeKernel
  insize=2128 path=C:/Users/s0pyjo01/Desktop/Puhelin-peli/Library/PackageCache/com.unity.postprocessing@2.3.0/PostProcessing/Shaders/Debug/Histogram.compute kernel=KHistogramClear cachingPP=1 ppOnly=0 stripLineD=0 buildPlatform=13 km=<UNITY_VERSION=202033> pKW=UNITY_NO_DXT5nm UNITY_NO_RGBM UNITY_ENABLE_REFLECTION_BUFFERS UNITY_NO_CUBEMAP_ARRAY UNITY_NO_SCREENSPACE_SHADOWS UNITY_PBS_USE_BRDF2 SHADER_API_MOBILE UNITY_COLORSPACE_GAMMA UNITY_LIGHTMAP_DLDR_ENCODING uKW=SHADER_STAGE_COMPUTE platform=vulkan flags=268439552 ok=1 outsize=1584

Cmd: compileComputeKernel
  insize=1858 path=C:/Users/s0pyjo01/Desktop/Puhelin-peli/Library/PackageCache/com.unity.postprocessing@2.3.0/PostProcessing/Shaders/Debug/Waveform.compute kernel=KWaveformClear cachingPP=1 ppOnly=0 stripLineD=0 buildPlatform=13 km=<UNITY_VERSION=202033> pKW=UNITY_NO_DXT5nm UNITY_ENABLE_REFLECTION_BUFFERS UNITY_NO_CUBEMAP_ARRAY UNITY_NO_SCREENSPACE_SHADOWS UNITY_PBS_USE_BRDF2 UNITY_COLORSPACE_GAMMA UNITY_LIGHTMAP_DLDR_ENCODING uKW=SHADER_STAGE_COMPUTE platform=d3d11 flags=0 ok=1 outsize=561

Cmd: compileComputeKernel
  insize=1858 path=C:/Users/s0pyjo01/Desktop/Puhelin-peli/Library/PackageCache/com.unity.postprocessing@2.3.0/PostProcessing/Shaders/Debug/Waveform.compute kernel=KWaveformGather cachingPP=1 ppOnly=0 stripLineD=0 buildPlatform=13 km=<UNITY_VERSION=202033> pKW=UNITY_NO_DXT5nm UNITY_NO_RGBM UNITY_ENABLE_REFLECTION_BUFFERS UNITY_NO_CUBEMAP_ARRAY UNITY_NO_SCREENSPACE_SHADOWS UNITY_PBS_USE_BRDF2 SHADER_API_MOBILE UNITY_COLORSPACE_GAMMA UNITY_LIGHTMAP_DLDR_ENCODING uKW=SHADER_STAGE_COMPUTE platform=vulkan flags=268439552 ok=1 outsize=5209

Cmd: compileComputeKernel
  insize=18709 path=C:/Users/s0pyjo01/Desktop/Puhelin-peli/Library/PackageCache/com.unity.postprocessing@2.3.0/PostProcessing/Shaders/Builtins/MultiScaleVOUpsample.compute kernel=MultiScaleVOUpSample_MSAA_premin cachingPP=1 ppOnly=0 stripLineD=0 buildPlatform=13 km=<MAIN=MultiScaleVOUpSample_MSAA_premin>,<MSAA=1>,<COMBINE_LOWER_RESOLUTIONS=1>,<UNITY_VERSION=202033> pKW=UNITY_NO_DXT5nm UNITY_ENABLE_REFLECTION_BUFFERS UNITY_NO_CUBEMAP_ARRAY UNITY_NO_SCREENSPACE_SHADOWS UNITY_PBS_USE_BRDF2 UNITY_COLORSPACE_GAMMA UNITY_LIGHTMAP_DLDR_ENCODING uKW=SHADER_STAGE_COMPUTE platform=d3d11 flags=0 ok=1 outsize=10338

Cmd: compileComputeKernel
  insize=18709 path=C:/Users/s0pyjo01/Desktop/Puhelin-peli/Library/PackageCache/com.unity.postprocessing@2.3.0/PostProcessing/Shaders/Builtins/MultiScaleVOUpsample.compute kernel=MultiScaleVOUpSample_blendout cachingPP=1 ppOnly=0 stripLineD=0 buildPlatform=13 km=<MAIN=MultiScaleVOUpSample_blendout>,<BLEND_WITH_HIGHER_RESOLUTION=1>,<UNITY_VERSION=202033> pKW=UNITY_NO_DXT5nm UNITY_ENABLE_REFLECTION_BUFFERS UNITY_NO_CUBEMAP_ARRAY UNITY_NO_SCREENSPACE_SHADOWS UNITY_PBS_USE_BRDF2 UNITY_COLORSPACE_GAMMA UNITY_LIGHTMAP_DLDR_ENCODING uKW=SHADER_STAGE_COMPUTE platform=d3d11 flags=0 ok=1 outsize=8738

Cmd: compileComputeKernel
  insize=18709 path=C:/Users/s0pyjo01/Desktop/Puhelin-peli/Library/PackageCache/com.unity.postprocessing@2.3.0/PostProcessing/Shaders/Builtins/MultiScaleVOUpsample.compute kernel=MultiScaleVOUpSample cachingPP=1 ppOnly=0 stripLineD=0 buildPlatform=13 km=<MAIN=MultiScaleVOUpSample>,<UNITY_VERSION=202033> pKW=UNITY_NO_DXT5nm UNITY_ENABLE_REFLECTION_BUFFERS UNITY_NO_CUBEMAP_ARRAY UNITY_NO_SCREENSPACE_SHADOWS UNITY_PBS_USE_BRDF2 UNITY_COLORSPACE_GAMMA UNITY_LIGHTMAP_DLDR_ENCODING uKW=SHADER_STAGE_COMPUTE platform=d3d11 flags=0 ok=1 outsize=8518

Cmd: compileComputeKernel
  insize=18709 path=C:/Users/s0pyjo01/Desktop/Puhelin-peli/Library/PackageCache/com.unity.postprocessing@2.3.0/PostProcessing/Shaders/Builtins/MultiScaleVOUpsample.compute kernel=MultiScaleVOUpSample_MSAA_premin cachingPP=1 ppOnly=0 stripLineD=0 buildPlatform=13 km=<MAIN=MultiScaleVOUpSample_MSAA_premin>,<MSAA=1>,<COMBINE_LOWER_RESOLUTIONS=1>,<UNITY_VERSION=202033> pKW=UNITY_NO_DXT5nm UNITY_NO_RGBM UNITY_ENABLE_REFLECTION_BUFFERS UNITY_NO_CUBEMAP_ARRAY UNITY_NO_SCREENSPACE_SHADOWS UNITY_PBS_USE_BRDF2 SHADER_API_MOBILE UNITY_COLORSPACE_GAMMA UNITY_LIGHTMAP_DLDR_ENCODING uKW=SHADER_STAGE_COMPUTE platform=vulkan flags=268439552 ok=1 outsize=56074

Cmd: compileComputeKernel
  insize=18709 path=C:/Users/s0pyjo01/Desktop/Puhelin-peli/Library/PackageCache/com.unity.postprocessing@2.3.0/PostProcessing/Shaders/Builtins/MultiScaleVOUpsample.compute kernel=MultiScaleVOUpSample_premin_blendout cachingPP=1 ppOnly=0 stripLineD=0 buildPlatform=13 km=<MAIN=MultiScaleVOUpSample_premin_blendout>,<COMBINE_LOWER_RESOLUTIONS=1>,<BLEND_WITH_HIGHER_RESOLUTION=1>,<UNITY_VERSION=202033> pKW=UNITY_NO_DXT5nm UNITY_NO_RGBM UNITY_ENABLE_REFLECTION_BUFFERS UNITY_NO_CUBEMAP_ARRAY UNITY_NO_SCREENSPACE_SHADOWS UNITY_PBS_USE_BRDF2 SHADER_API_MOBILE UNITY_COLORSPACE_GAMMA UNITY_LIGHTMAP_DLDR_ENCODING uKW=SHADER_STAGE_COMPUTE platform=vulkan flags=268439552 ok=1 outsize=34633

Cmd: compileComputeKernel
  insize=18709 path=C:/Users/s0pyjo01/Desktop/Puhelin-peli/Library/PackageCache/com.unity.postprocessing@2.3.0/PostProcessing/Shaders/Builtins/MultiScaleVOUpsample.compute kernel=MultiScaleVOUpSample_premin cachingPP=1 ppOnly=0 stripLineD=0 buildPlatform=13 km=<MAIN=MultiScaleVOUpSample_premin>,<COMBINE_LOWER_RESOLUTIONS=1>,<UNITY_VERSION=202033> pKW=UNITY_NO_DXT5nm UNITY_NO_RGBM UNITY_ENABLE_REFLECTION_BUFFERS UNITY_NO_CUBEMAP_ARRAY UNITY_NO_SCREENSPACE_SHADOWS UNITY_PBS_USE_BRDF2 SHADER_API_MOBILE UNITY_COLORSPACE_GAMMA UNITY_LIGHTMAP_DLDR_ENCODING uKW=SHADER_STAGE_COMPUTE platform=vulkan flags=268439552 ok=1 outsize=33301

Cmd: compileComputeKernel
  insize=3152 path=C:/Users/s0pyjo01/Desktop/Puhelin-peli/Library/PackageCache/com.unity.postprocessing@2.3.0/PostProcessing/Shaders/Builtins/AutoExposure.compute kernel=KAutoExposureAvgLuminance_progressive cachingPP=1 ppOnly=0 stripLineD=0 buildPlatform=13 km=<MAIN=KAutoExposureAvgLuminance_progressive>,<PROGRESSIVE=1>,<UNITY_VERSION=202033> pKW=UNITY_NO_DXT5nm UNITY_ENABLE_REFLECTION_BUFFERS UNITY_NO_CUBEMAP_ARRAY UNITY_NO_SCREENSPACE_SHADOWS UNITY_PBS_USE_BRDF2 UNITY_COLORSPACE_GAMMA UNITY_LIGHTMAP_DLDR_ENCODING uKW=SHADER_STAGE_COMPUTE platform=d3d11 flags=0 ok=1 outsize=48128

Cmd: shutdown

Quitting shader compiler process
