Base path: 'C:/Program Files/Unity/Hub/Editor/2020.3.3f1/Editor/Data', plugins path 'C:/Program Files/Unity/Hub/Editor/2020.3.3f1/Editor/Data/PlaybackEngines'
Cmd: initializeCompiler

Cmd: compileComputeKernel
  insize=3168 path=C:/Users/s0pyjo01/Desktop/Puhelin-peli/Library/PackageCache/com.unity.postprocessing@2.3.0/PostProcessing/Shaders/Builtins/ExposureHistogram.compute kernel=KEyeHistogram cachingPP=1 ppOnly=0 stripLineD=0 buildPlatform=13 km=<UNITY_VERSION=202033> pKW=UNITY_NO_DXT5nm UNITY_ENABLE_REFLECTION_BUFFERS UNITY_NO_CUBEMAP_ARRAY UNITY_NO_SCREENSPACE_SHADOWS UNITY_PBS_USE_BRDF2 UNITY_COLORSPACE_GAMMA UNITY_LIGHTMAP_DLDR_ENCODING uKW=SHADER_STAGE_COMPUTE platform=d3d11 flags=0 ok=1 outsize=1324

Cmd: compileComputeKernel
  insize=5587 path=C:/Users/s0pyjo01/Desktop/Puhelin-peli/Library/PackageCache/com.unity.postprocessing@2.3.0/PostProcessing/Shaders/Builtins/GaussianDownsample.compute kernel=KMain cachingPP=1 ppOnly=0 stripLineD=0 buildPlatform=13 km=<UNITY_VERSION=202033> pKW=UNITY_NO_DXT5nm UNITY_ENABLE_REFLECTION_BUFFERS UNITY_NO_CUBEMAP_ARRAY UNITY_NO_SCREENSPACE_SHADOWS UNITY_PBS_USE_BRDF2 UNITY_COLORSPACE_GAMMA UNITY_LIGHTMAP_DLDR_ENCODING uKW=SHADER_STAGE_COMPUTE platform=d3d11 flags=0 ok=1 outsize=6437

Cmd: compileComputeKernel
  insize=5024 path=C:/Users/s0pyjo01/Desktop/Puhelin-peli/Library/PackageCache/com.unity.postprocessing@2.3.0/PostProcessing/Shaders/Builtins/Lut3DBaker.compute kernel=KGenLut3D_NeutralTonemap cachingPP=1 ppOnly=0 stripLineD=0 buildPlatform=13 km=<TONEMAPPING_NEUTRAL=1>,<UNITY_VERSION=202033> pKW=UNITY_NO_DXT5nm UNITY_ENABLE_REFLECTION_BUFFERS UNITY_NO_CUBEMAP_ARRAY UNITY_NO_SCREENSPACE_SHADOWS UNITY_PBS_USE_BRDF2 UNITY_COLORSPACE_GAMMA UNITY_LIGHTMAP_DLDR_ENCODING uKW=SHADER_STAGE_COMPUTE platform=d3d11 flags=0 ok=1 outsize=4117

Cmd: compileComputeKernel
  insize=5024 path=C:/Users/s0pyjo01/Desktop/Puhelin-peli/Library/PackageCache/com.unity.postprocessing@2.3.0/PostProcessing/Shaders/Builtins/Lut3DBaker.compute kernel=KGenLut3D_CustomTonemap cachingPP=1 ppOnly=0 stripLineD=0 buildPlatform=13 km=<TONEMAPPING_CUSTOM=1>,<UNITY_VERSION=202033> pKW=UNITY_NO_DXT5nm UNITY_NO_RGBM UNITY_ENABLE_REFLECTION_BUFFERS UNITY_FRAMEBUFFER_FETCH_AVAILABLE UNITY_NO_CUBEMAP_ARRAY UNITY_NO_SCREENSPACE_SHADOWS UNITY_PBS_USE_BRDF2 SHADER_API_MOBILE UNITY_COLORSPACE_GAMMA UNITY_LIGHTMAP_DLDR_ENCODING SHADER_API_GLES30 uKW=SHADER_STAGE_COMPUTE platform=gles3 flags=268439552 ok=1 outsize=10529

Cmd: compileComputeKernel
  insize=5024 path=C:/Users/s0pyjo01/Desktop/Puhelin-peli/Library/PackageCache/com.unity.postprocessing@2.3.0/PostProcessing/Shaders/Builtins/Lut3DBaker.compute kernel=KGenLut3D_NoTonemap cachingPP=1 ppOnly=0 stripLineD=0 buildPlatform=13 km=<TONEMAPPING_NONE=1>,<UNITY_VERSION=202033> pKW=UNITY_NO_DXT5nm UNITY_NO_RGBM UNITY_ENABLE_REFLECTION_BUFFERS UNITY_FRAMEBUFFER_FETCH_AVAILABLE UNITY_NO_CUBEMAP_ARRAY UNITY_NO_SCREENSPACE_SHADOWS UNITY_PBS_USE_BRDF2 SHADER_API_MOBILE UNITY_COLORSPACE_GAMMA UNITY_LIGHTMAP_DLDR_ENCODING SHADER_API_GLES30 uKW=SHADER_STAGE_COMPUTE platform=gles3 flags=268439552 ok=1 outsize=7192

Cmd: compileComputeKernel
  insize=5024 path=C:/Users/s0pyjo01/Desktop/Puhelin-peli/Library/PackageCache/com.unity.postprocessing@2.3.0/PostProcessing/Shaders/Builtins/Lut3DBaker.compute kernel=KGenLut3D_NeutralTonemap cachingPP=1 ppOnly=0 stripLineD=0 buildPlatform=13 km=<TONEMAPPING_NEUTRAL=1>,<UNITY_VERSION=202033> pKW=UNITY_NO_DXT5nm UNITY_NO_RGBM UNITY_ENABLE_REFLECTION_BUFFERS UNITY_NO_CUBEMAP_ARRAY UNITY_NO_SCREENSPACE_SHADOWS UNITY_PBS_USE_BRDF2 SHADER_API_MOBILE UNITY_COLORSPACE_GAMMA UNITY_LIGHTMAP_DLDR_ENCODING uKW=SHADER_STAGE_COMPUTE platform=vulkan flags=268439552 ok=1 outsize=17617

Cmd: compileComputeKernel
  insize=5024 path=C:/Users/s0pyjo01/Desktop/Puhelin-peli/Library/PackageCache/com.unity.postprocessing@2.3.0/PostProcessing/Shaders/Builtins/Lut3DBaker.compute kernel=KGenLut3D_NoTonemap cachingPP=1 ppOnly=0 stripLineD=0 buildPlatform=13 km=<TONEMAPPING_NONE=1>,<UNITY_VERSION=202033> pKW=UNITY_NO_DXT5nm UNITY_NO_RGBM UNITY_ENABLE_REFLECTION_BUFFERS UNITY_NO_CUBEMAP_ARRAY UNITY_NO_SCREENSPACE_SHADOWS UNITY_PBS_USE_BRDF2 SHADER_API_MOBILE UNITY_COLORSPACE_GAMMA UNITY_LIGHTMAP_DLDR_ENCODING uKW=SHADER_STAGE_COMPUTE platform=vulkan flags=268439552 ok=1 outsize=15912

Cmd: compileComputeKernel
  insize=3526 path=C:/Users/s0pyjo01/Desktop/Puhelin-peli/Library/PackageCache/com.unity.postprocessing@2.3.0/PostProcessing/Shaders/Builtins/MultiScaleVODownsample1.compute kernel=MultiScaleVODownsample1 cachingPP=1 ppOnly=0 stripLineD=0 buildPlatform=13 km=<main=MultiScaleVODownsample1>,<UNITY_VERSION=202033> pKW=UNITY_NO_DXT5nm UNITY_ENABLE_REFLECTION_BUFFERS UNITY_NO_CUBEMAP_ARRAY UNITY_NO_SCREENSPACE_SHADOWS UNITY_PBS_USE_BRDF2 UNITY_COLORSPACE_GAMMA UNITY_LIGHTMAP_DLDR_ENCODING uKW=SHADER_STAGE_COMPUTE platform=d3d11 flags=0 ok=1 outsize=2521

Cmd: compileComputeKernel
  insize=3526 path=C:/Users/s0pyjo01/Desktop/Puhelin-peli/Library/PackageCache/com.unity.postprocessing@2.3.0/PostProcessing/Shaders/Builtins/MultiScaleVODownsample1.compute kernel=MultiScaleVODownsample1 cachingPP=1 ppOnly=0 stripLineD=0 buildPlatform=13 km=<main=MultiScaleVODownsample1>,<UNITY_VERSION=202033> pKW=UNITY_NO_DXT5nm UNITY_NO_RGBM UNITY_ENABLE_REFLECTION_BUFFERS UNITY_NO_CUBEMAP_ARRAY UNITY_NO_SCREENSPACE_SHADOWS UNITY_PBS_USE_BRDF2 SHADER_API_MOBILE UNITY_COLORSPACE_GAMMA UNITY_LIGHTMAP_DLDR_ENCODING uKW=SHADER_STAGE_COMPUTE platform=vulkan flags=268439552 ok=1 outsize=10073

Cmd: compileComputeKernel
  insize=11166 path=C:/Users/s0pyjo01/Desktop/Puhelin-peli/Library/PackageCache/com.unity.postprocessing@2.3.0/PostProcessing/Shaders/Builtins/MultiScaleVORender.compute kernel=MultiScaleVORender_interleaved cachingPP=1 ppOnly=0 stripLineD=0 buildPlatform=13 km=<MAIN=MultiScaleVORender_interleaved>,<INTERLEAVE_RESULT=1>,<UNITY_VERSION=202033> pKW=UNITY_NO_DXT5nm UNITY_ENABLE_REFLECTION_BUFFERS UNITY_NO_CUBEMAP_ARRAY UNITY_NO_SCREENSPACE_SHADOWS UNITY_PBS_USE_BRDF2 UNITY_COLORSPACE_GAMMA UNITY_LIGHTMAP_DLDR_ENCODING uKW=SHADER_STAGE_COMPUTE platform=d3d11 flags=0 ok=1 outsize=9840

Cmd: compileComputeKernel
  insize=11166 path=C:/Users/s0pyjo01/Desktop/Puhelin-peli/Library/PackageCache/com.unity.postprocessing@2.3.0/PostProcessing/Shaders/Builtins/MultiScaleVORender.compute kernel=MultiScaleVORender_MSAA_interleaved cachingPP=1 ppOnly=0 stripLineD=0 buildPlatform=13 km=<MAIN=MultiScaleVORender_MSAA_interleaved>,<MSAA=1>,<INTERLEAVE_RESULT=1>,<UNITY_VERSION=202033> pKW=UNITY_NO_DXT5nm UNITY_NO_RGBM UNITY_ENABLE_REFLECTION_BUFFERS UNITY_NO_CUBEMAP_ARRAY UNITY_NO_SCREENSPACE_SHADOWS UNITY_PBS_USE_BRDF2 SHADER_API_MOBILE UNITY_COLORSPACE_GAMMA UNITY_LIGHTMAP_DLDR_ENCODING uKW=SHADER_STAGE_COMPUTE platform=vulkan flags=268439552 ok=1 outsize=48889

Cmd: compileComputeKernel
  insize=11166 path=C:/Users/s0pyjo01/Desktop/Puhelin-peli/Library/PackageCache/com.unity.postprocessing@2.3.0/PostProcessing/Shaders/Builtins/MultiScaleVORender.compute kernel=MultiScaleVORender cachingPP=1 ppOnly=0 stripLineD=0 buildPlatform=13 km=<MAIN=MultiScaleVORender>,<UNITY_VERSION=202033> pKW=UNITY_NO_DXT5nm UNITY_NO_RGBM UNITY_ENABLE_REFLECTION_BUFFERS UNITY_NO_CUBEMAP_ARRAY UNITY_NO_SCREENSPACE_SHADOWS UNITY_PBS_USE_BRDF2 SHADER_API_MOBILE UNITY_COLORSPACE_GAMMA UNITY_LIGHTMAP_DLDR_ENCODING uKW=SHADER_STAGE_COMPUTE platform=vulkan flags=268439552 ok=1 outsize=40400

Cmd: compileComputeKernel
  insize=1499 path=C:/Users/s0pyjo01/Desktop/Puhelin-peli/Library/PackageCache/com.unity.postprocessing@2.3.0/PostProcessing/Shaders/Debug/Vectorscope.compute kernel=KVectorscopeGather cachingPP=1 ppOnly=0 stripLineD=0 buildPlatform=13 km=<UNITY_VERSION=202033> pKW=UNITY_NO_DXT5nm UNITY_NO_RGBM UNITY_ENABLE_REFLECTION_BUFFERS UNITY_NO_CUBEMAP_ARRAY UNITY_NO_SCREENSPACE_SHADOWS UNITY_PBS_USE_BRDF2 SHADER_API_MOBILE UNITY_COLORSPACE_GAMMA UNITY_LIGHTMAP_DLDR_ENCODING uKW=SHADER_STAGE_COMPUTE platform=vulkan flags=268439552 ok=1 outsize=5499

Cmd: compileComputeKernel
  insize=2114 path=C:/Users/s0pyjo01/Desktop/Puhelin-peli/Library/PackageCache/com.unity.postprocessing@2.3.0/PostProcessing/Shaders/Builtins/MultiScaleVODownsample2.compute kernel=MultiScaleVODownsample2 cachingPP=1 ppOnly=0 stripLineD=0 buildPlatform=13 km=<main=MultiScaleVODownsample2>,<UNITY_VERSION=202033> pKW=UNITY_NO_DXT5nm UNITY_NO_RGBM UNITY_ENABLE_REFLECTION_BUFFERS UNITY_NO_CUBEMAP_ARRAY UNITY_NO_SCREENSPACE_SHADOWS UNITY_PBS_USE_BRDF2 SHADER_API_MOBILE UNITY_COLORSPACE_GAMMA UNITY_LIGHTMAP_DLDR_ENCODING uKW=SHADER_STAGE_COMPUTE platform=vulkan flags=268439552 ok=1 outsize=4392

Cmd: compileComputeKernel
  insize=1220 path=C:/Users/s0pyjo01/Desktop/Puhelin-peli/Library/PackageCache/com.unity.postprocessing@2.3.0/PostProcessing/Shaders/Builtins/Texture3DLerp.compute kernel=KTexture3DLerp cachingPP=1 ppOnly=0 stripLineD=0 buildPlatform=13 km=<UNITY_VERSION=202033> pKW=UNITY_NO_DXT5nm UNITY_NO_RGBM UNITY_ENABLE_REFLECTION_BUFFERS UNITY_NO_CUBEMAP_ARRAY UNITY_NO_SCREENSPACE_SHADOWS UNITY_PBS_USE_BRDF2 SHADER_API_MOBILE UNITY_COLORSPACE_GAMMA UNITY_LIGHTMAP_DLDR_ENCODING uKW=SHADER_STAGE_COMPUTE platform=vulkan flags=268439552 ok=1 outsize=3592

Cmd: compileComputeKernel
  insize=2128 path=C:/Users/s0pyjo01/Desktop/Puhelin-peli/Library/PackageCache/com.unity.postprocessing@2.3.0/PostProcessing/Shaders/Debug/Histogram.compute kernel=KHistogramGather cachingPP=1 ppOnly=0 stripLineD=0 buildPlatform=13 km=<UNITY_VERSION=202033> pKW=UNITY_NO_DXT5nm UNITY_NO_RGBM UNITY_ENABLE_REFLECTION_BUFFERS UNITY_NO_CUBEMAP_ARRAY UNITY_NO_SCREENSPACE_SHADOWS UNITY_PBS_USE_BRDF2 SHADER_API_MOBILE UNITY_COLORSPACE_GAMMA UNITY_LIGHTMAP_DLDR_ENCODING uKW=SHADER_STAGE_COMPUTE platform=vulkan flags=268439552 ok=1 outsize=5779

Cmd: compileComputeKernel
  insize=1858 path=C:/Users/s0pyjo01/Desktop/Puhelin-peli/Library/PackageCache/com.unity.postprocessing@2.3.0/PostProcessing/Shaders/Debug/Waveform.compute kernel=KWaveformClear cachingPP=1 ppOnly=0 stripLineD=0 buildPlatform=13 km=<UNITY_VERSION=202033> pKW=UNITY_NO_DXT5nm UNITY_NO_RGBM UNITY_ENABLE_REFLECTION_BUFFERS UNITY_NO_CUBEMAP_ARRAY UNITY_NO_SCREENSPACE_SHADOWS UNITY_PBS_USE_BRDF2 SHADER_API_MOBILE UNITY_COLORSPACE_GAMMA UNITY_LIGHTMAP_DLDR_ENCODING uKW=SHADER_STAGE_COMPUTE platform=vulkan flags=268439552 ok=1 outsize=2757

Cmd: compileComputeKernel
  insize=18709 path=C:/Users/s0pyjo01/Desktop/Puhelin-peli/Library/PackageCache/com.unity.postprocessing@2.3.0/PostProcessing/Shaders/Builtins/MultiScaleVOUpsample.compute kernel=MultiScaleVOUpSample_MSAA_premin_blendout cachingPP=1 ppOnly=0 stripLineD=0 buildPlatform=13 km=<MAIN=MultiScaleVOUpSample_MSAA_premin_blendout>,<MSAA=1>,<COMBINE_LOWER_RESOLUTIONS=1>,<BLEND_WITH_HIGHER_RESOLUTION=1>,<UNITY_VERSION=202033> pKW=UNITY_NO_DXT5nm UNITY_ENABLE_REFLECTION_BUFFERS UNITY_NO_CUBEMAP_ARRAY UNITY_NO_SCREENSPACE_SHADOWS UNITY_PBS_USE_BRDF2 UNITY_COLORSPACE_GAMMA UNITY_LIGHTMAP_DLDR_ENCODING uKW=SHADER_STAGE_COMPUTE platform=d3d11 flags=0 ok=1 outsize=10714

Cmd: compileComputeKernel
  insize=18709 path=C:/Users/s0pyjo01/Desktop/Puhelin-peli/Library/PackageCache/com.unity.postprocessing@2.3.0/PostProcessing/Shaders/Builtins/MultiScaleVOUpsample.compute kernel=MultiScaleVOUpSample_MSAA cachingPP=1 ppOnly=0 stripLineD=0 buildPlatform=13 km=<MAIN=MultiScaleVOUpSample_MSAA>,<UNITY_VERSION=202033> pKW=UNITY_NO_DXT5nm UNITY_ENABLE_REFLECTION_BUFFERS UNITY_NO_CUBEMAP_ARRAY UNITY_NO_SCREENSPACE_SHADOWS UNITY_PBS_USE_BRDF2 UNITY_COLORSPACE_GAMMA UNITY_LIGHTMAP_DLDR_ENCODING uKW=SHADER_STAGE_COMPUTE platform=d3d11 flags=0 ok=1 outsize=8523

Cmd: compileComputeKernel
  insize=18709 path=C:/Users/s0pyjo01/Desktop/Puhelin-peli/Library/PackageCache/com.unity.postprocessing@2.3.0/PostProcessing/Shaders/Builtins/MultiScaleVOUpsample.compute kernel=MultiScaleVOUpSample_premin cachingPP=1 ppOnly=0 stripLineD=0 buildPlatform=13 km=<MAIN=MultiScaleVOUpSample_premin>,<COMBINE_LOWER_RESOLUTIONS=1>,<UNITY_VERSION=202033> pKW=UNITY_NO_DXT5nm UNITY_ENABLE_REFLECTION_BUFFERS UNITY_NO_CUBEMAP_ARRAY UNITY_NO_SCREENSPACE_SHADOWS UNITY_PBS_USE_BRDF2 UNITY_COLORSPACE_GAMMA UNITY_LIGHTMAP_DLDR_ENCODING uKW=SHADER_STAGE_COMPUTE platform=d3d11 flags=0 ok=1 outsize=8653

Cmd: compileComputeKernel
  insize=18709 path=C:/Users/s0pyjo01/Desktop/Puhelin-peli/Library/PackageCache/com.unity.postprocessing@2.3.0/PostProcessing/Shaders/Builtins/MultiScaleVOUpsample.compute kernel=MultiScaleVOUpSample_MSAA_premin_blendout cachingPP=1 ppOnly=0 stripLineD=0 buildPlatform=13 km=<MAIN=MultiScaleVOUpSample_MSAA_premin_blendout>,<MSAA=1>,<COMBINE_LOWER_RESOLUTIONS=1>,<BLEND_WITH_HIGHER_RESOLUTION=1>,<UNITY_VERSION=202033> pKW=UNITY_NO_DXT5nm UNITY_NO_RGBM UNITY_ENABLE_REFLECTION_BUFFERS UNITY_NO_CUBEMAP_ARRAY UNITY_NO_SCREENSPACE_SHADOWS UNITY_PBS_USE_BRDF2 SHADER_API_MOBILE UNITY_COLORSPACE_GAMMA UNITY_LIGHTMAP_DLDR_ENCODING uKW=SHADER_STAGE_COMPUTE platform=vulkan flags=268439552 ok=1 outsize=57494

Cmd: compileComputeKernel
  insize=18709 path=C:/Users/s0pyjo01/Desktop/Puhelin-peli/Library/PackageCache/com.unity.postprocessing@2.3.0/PostProcessing/Shaders/Builtins/MultiScaleVOUpsample.compute kernel=MultiScaleVOUpSample_MSAA_invert cachingPP=1 ppOnly=0 stripLineD=0 buildPlatform=13 km=<MAIN=MultiScaleVOUpSample_MSAA_invert>,<MSAA=1>,<INVERT=1>,<UNITY_VERSION=202033> pKW=UNITY_NO_DXT5nm UNITY_NO_RGBM UNITY_ENABLE_REFLECTION_BUFFERS UNITY_NO_CUBEMAP_ARRAY UNITY_NO_SCREENSPACE_SHADOWS UNITY_PBS_USE_BRDF2 SHADER_API_MOBILE UNITY_COLORSPACE_GAMMA UNITY_LIGHTMAP_DLDR_ENCODING uKW=SHADER_STAGE_COMPUTE platform=vulkan flags=268439552 ok=1 outsize=56326

Cmd: compileComputeKernel
  insize=18709 path=C:/Users/s0pyjo01/Desktop/Puhelin-peli/Library/PackageCache/com.unity.postprocessing@2.3.0/PostProcessing/Shaders/Builtins/MultiScaleVOUpsample.compute kernel=MultiScaleVOUpSample_blendout cachingPP=1 ppOnly=0 stripLineD=0 buildPlatform=13 km=<MAIN=MultiScaleVOUpSample_blendout>,<BLEND_WITH_HIGHER_RESOLUTION=1>,<UNITY_VERSION=202033> pKW=UNITY_NO_DXT5nm UNITY_NO_RGBM UNITY_ENABLE_REFLECTION_BUFFERS UNITY_NO_CUBEMAP_ARRAY UNITY_NO_SCREENSPACE_SHADOWS UNITY_PBS_USE_BRDF2 SHADER_API_MOBILE UNITY_COLORSPACE_GAMMA UNITY_LIGHTMAP_DLDR_ENCODING uKW=SHADER_STAGE_COMPUTE platform=vulkan flags=268439552 ok=1 outsize=34254

Cmd: compileComputeKernel
  insize=18709 path=C:/Users/s0pyjo01/Desktop/Puhelin-peli/Library/PackageCache/com.unity.postprocessing@2.3.0/PostProcessing/Shaders/Builtins/MultiScaleVOUpsample.compute kernel=MultiScaleVOUpSample cachingPP=1 ppOnly=0 stripLineD=0 buildPlatform=13 km=<MAIN=MultiScaleVOUpSample>,<UNITY_VERSION=202033> pKW=UNITY_NO_DXT5nm UNITY_NO_RGBM UNITY_ENABLE_REFLECTION_BUFFERS UNITY_NO_CUBEMAP_ARRAY UNITY_NO_SCREENSPACE_SHADOWS UNITY_PBS_USE_BRDF2 SHADER_API_MOBILE UNITY_COLORSPACE_GAMMA UNITY_LIGHTMAP_DLDR_ENCODING uKW=SHADER_STAGE_COMPUTE platform=vulkan flags=268439552 ok=1 outsize=32922

Cmd: compileComputeKernel
  insize=3152 path=C:/Users/s0pyjo01/Desktop/Puhelin-peli/Library/PackageCache/com.unity.postprocessing@2.3.0/PostProcessing/Shaders/Builtins/AutoExposure.compute kernel=KAutoExposureAvgLuminance_fixed cachingPP=1 ppOnly=0 stripLineD=0 buildPlatform=13 km=<MAIN=KAutoExposureAvgLuminance_fixed>,<UNITY_VERSION=202033> pKW=UNITY_NO_DXT5nm UNITY_ENABLE_REFLECTION_BUFFERS UNITY_NO_CUBEMAP_ARRAY UNITY_NO_SCREENSPACE_SHADOWS UNITY_PBS_USE_BRDF2 UNITY_COLORSPACE_GAMMA UNITY_LIGHTMAP_DLDR_ENCODING uKW=SHADER_STAGE_COMPUTE platform=d3d11 flags=0 ok=1 outsize=47803

Cmd: compileComputeKernel
  insize=3152 path=C:/Users/s0pyjo01/Desktop/Puhelin-peli/Library/PackageCache/com.unity.postprocessing@2.3.0/PostProcessing/Shaders/Builtins/AutoExposure.compute kernel=KAutoExposureAvgLuminance_fixed cachingPP=1 ppOnly=0 stripLineD=0 buildPlatform=13 km=<MAIN=KAutoExposureAvgLuminance_fixed>,<UNITY_VERSION=202033> pKW=UNITY_NO_DXT5nm UNITY_NO_RGBM UNITY_ENABLE_REFLECTION_BUFFERS UNITY_NO_CUBEMAP_ARRAY UNITY_NO_SCREENSPACE_SHADOWS UNITY_PBS_USE_BRDF2 SHADER_API_MOBILE UNITY_COLORSPACE_GAMMA UNITY_LIGHTMAP_DLDR_ENCODING uKW=SHADER_STAGE_COMPUTE platform=vulkan flags=268439552 ok=1 outsize=199211

Cmd: shutdown

Quitting shader compiler process
